#
# A fatal error has been detected by the Java Runtime Environment:
#
#  EXCEPTION_ACCESS_VIOLATION (0xc0000005) at pc=0x0000000180004666, pid=11008, tid=8800
#
# JRE version: OpenJDK Runtime Environment Corretto-17.0.9.8.1 (17.0.9+8) (build 17.0.9+8-LTS)
# Java VM: OpenJDK 64-Bit Server VM Corretto-17.0.9.8.1 (17.0.9+8-LTS, mixed mode, sharing, tiered, compressed oops, compressed class ptrs, g1 gc, windows-amd64)
# Problematic frame:
# C  [rxtxSerial.dll+0x4666]
#
# No core dump will be written. Minidumps are not enabled by default on client versions of Windows
#
# If you would like to submit a bug report, please visit:
#   https://github.com/corretto/corretto-17/issues/
# The crash happened outside the Java Virtual Machine in native code.
# See problematic frame for where to report the bug.
#

---------------  S U M M A R Y ------------

Command Line: -Dfile.encoding=UTF-8 -Duser.country=KR -Duser.language=ko -Duser.variant com.team1.Team1StartApp

Host: Intel(R) Core(TM) i7-10700F CPU @ 2.90GHz, 16 cores, 15G,  Windows 10 , 64 bit Build 19041 (10.0.19041.3636)
Time: Sat Apr 13 21:07:05 2024  Windows 10 , 64 bit Build 19041 (10.0.19041.3636) elapsed time: 9.908469 seconds (0d 0h 0m 9s)

---------------  T H R E A D  ---------------

Current thread (0x000001716fcdbcb0):  JavaThread "scheduling-1" [_thread_in_native, id=8800, stack(0x0000006d00300000,0x0000006d00400000)]

Stack: [0x0000006d00300000,0x0000006d00400000],  sp=0x0000006d003fe780,  free space=1017k
Native frames: (J=compiled Java code, j=interpreted, Vv=VM code, C=native code)
C  [rxtxSerial.dll+0x4666]

Java frames: (J=compiled Java code, j=interpreted, Vv=VM code)
j  gnu.io.RXTXPort.nativeDrain(Z)Z+0
j  gnu.io.RXTXPort$SerialOutputStream.flush()V+72
j  com.team1.controller.safetySocket.SafetySocket.serial()Ljava/lang/String;+64
j  com.team1.controller.safetySocket.SafetySocket.doPost()V+1
j  com.team1.controller.safetySocket.SafetySocket$$Lambda$1051+0x00000171247c6738.run()V+4
j  org.springframework.scheduling.support.DelegatingErrorHandlingRunnable.run()V+4
j  java.util.concurrent.Executors$RunnableAdapter.call()Ljava/lang/Object;+4 java.base@17.0.9
j  java.util.concurrent.FutureTask.runAndReset()Z+44 java.base@17.0.9
j  java.util.concurrent.ScheduledThreadPoolExecutor$ScheduledFutureTask.run()V+35 java.base@17.0.9
j  java.util.concurrent.ThreadPoolExecutor.runWorker(Ljava/util/concurrent/ThreadPoolExecutor$Worker;)V+92 java.base@17.0.9
j  java.util.concurrent.ThreadPoolExecutor$Worker.run()V+5 java.base@17.0.9
j  java.lang.Thread.run()V+11 java.base@17.0.9
v  ~StubRoutines::call_stub

siginfo: EXCEPTION_ACCESS_VIOLATION (0xc0000005), reading address 0x00000000009feebc


Registers:
RAX=0x000000000000001c, RBX=0x000001716fcdbf68, RCX=0x0000006d003fee9c, RDX=0x000001716c2a0860
RSP=0x0000006d003fe780, RBP=0x0000000000000001, RSI=0x0000000000000000, RDI=0x0000000000000001
R8 =0x0000000000000000, R9 =0x0000000000000000, R10=0x0000000180000000, R11=0x0000000000000200
R12=0x00000000009feeb0, R13=0x0000000000000000, R14=0x0000006d003fefb8, R15=0x000001716fcdbcb0
RIP=0x0000000180004666, EFLAGS=0x0000000000010202


Register to memory mapping:

RIP=0x0000000180004666 rxtxSerial.dll
RAX=0x000000000000001c is an unknown value
RBX=0x000001716fcdbf68 points into unknown readable memory: 0x00007fffd17a9800 | 00 98 7a d1 ff 7f 00 00
RCX=0x0000006d003fee9c is pointing into the stack for thread: 0x000001716fcdbcb0
RDX=0x000001716c2a0860 points into unknown readable memory: 0x0000000000002260 | 60 22 00 00 00 00 00 00
RSP=0x0000006d003fe780 is pointing into the stack for thread: 0x000001716fcdbcb0
RBP=0x0000000000000001 is an unknown value
RSI=0x0 is NULL
RDI=0x0000000000000001 is an unknown value
R8 =0x0 is NULL
R9 =0x0 is NULL
R10=0x0000000180000000 rxtxSerial.dll
R11=0x0000000000000200 is an unknown value
R12=0x00000000009feeb0 is an unknown value
R13=0x0 is NULL
R14=0x0000006d003fefb8 is pointing into the stack for thread: 0x000001716fcdbcb0
R15=0x000001716fcdbcb0 is a thread


Top of Stack: (sp=0x0000006d003fe780)
0x0000006d003fe780:   000001716fcdbf68 00000001800214c0
0x0000006d003fe790:   0000000000000000 0000000000000001
0x0000006d003fe7a0:   0000017123010620 0000017123010620
0x0000006d003fe7b0:   0000006d003fefb8 000001716cea23b0
0x0000006d003fe7c0:   00000171222d2570 00007fffd11f1ea0
0x0000006d003fe7d0:   000001716fcdbcb0 00000171222d2578
0x0000006d003fe7e0:   00000171221f4ad0 000001716cea23b0
0x0000006d003fe7f0:   0000000000000001 00007fffd0f502d9
0x0000006d003fe800:   000001716fcdbcb0 0000000000000000
0x0000006d003fe810:   0000000000000000 0000000000000000
0x0000006d003fe820:   0000000000000000 0000000000000000
0x0000006d003fe830:   0000000000000000 0000000000000000
0x0000006d003fe840:   0000000000000000 0000000000000000
0x0000006d003fe850:   0000000000000000 0000000000000000
0x0000006d003fe860:   0000000000000000 0000000000000000
0x0000006d003fe870:   0000000000000000 0000000000000000
0x0000006d003fe880:   0000000000000000 0000000000000000
0x0000006d003fe890:   0000000000000000 0000000000000000
0x0000006d003fe8a0:   0000000000000000 0000000000000000
0x0000006d003fe8b0:   0000000000000002 0000006d003feab0
0x0000006d003fe8c0:   0000006d003fec60 000001716fcdbcb0
0x0000006d003fe8d0:   0000006d003feb80 0000006d003feb88
0x0000006d003fe8e0:   0000000000000002 00007fffd0d555ea
0x0000006d003fe8f0:   0000000000000008 0000006d003fe9f0
0x0000006d003fe900:   0000000000000000 000001716fcdbcb0
0x0000006d003fe910:   0000000000000000 0000006d003fee18
0x0000006d003fe920:   0000000000000008 00007fffd0d65780
0x0000006d003fe930:   0000000000000000 0000006d003fea89
0x0000006d003fe940:   00000171221f4ae0 00007fffd0d61f5d
0x0000006d003fe950:   00000171ffffffff 0000006dfffffff8
0x0000006d003fe960:   0000006d003fe9e8 0000006d00000000
0x0000006d003fe970:   000000000000000e ffffffffffffffff 

Instructions: (pc=0x0000000180004666)
0x0000000180004566:   00 00 00 e8 e2 8a 00 00 85 c0 75 19 85 f6 75 15
0x0000000180004576:   e8 75 86 00 00 48 8d 15 56 df 01 00 48 8d 48 60
0x0000000180004586:   e8 75 84 00 00 4c 8b e6 66 90 8b cd e8 19 61 00
0x0000000180004596:   00 83 c7 01 85 c0 8b f0 74 0f e8 ab 89 00 00 83
0x00000001800045a6:   38 04 75 05 83 ff 03 7c e1 48 8d 15 0a cf 01 00
0x00000001800045b6:   48 8d 8c 24 00 07 00 00 44 8b c6 e8 8a 83 00 00
0x00000001800045c6:   85 f6 0f 84 86 00 00 00 e8 7d 89 00 00 8b 08 e8
0x00000001800045d6:   76 88 00 00 4c 8b 03 48 8d 15 0c cf 01 00 48 8b
0x00000001800045e6:   cb 48 8b f0 41 ff 50 30 48 85 c0 48 8b f8 75 1b
0x00000001800045f6:   48 8b 03 48 8b cb ff 90 80 00 00 00 4c 8b 1b 48
0x0000000180004606:   8b cb 41 ff 93 88 00 00 00 eb 43 4c 8d 0d c8 ce
0x0000000180004616:   01 00 48 8d 15 e1 de 01 00 48 8d 8c 24 c0 06 00
0x0000000180004626:   00 4c 8b c6 e8 21 83 00 00 4c 8b 1b 4c 8d 84 24
0x0000000180004636:   c0 06 00 00 48 8b d7 48 8b cb 41 ff 53 70 4c 8b
0x0000000180004646:   1b 48 8b d7 48 8b cb 41 ff 93 b8 00 00 00 45 84
0x0000000180004656:   ed 0f 85 97 00 00 00 4d 85 e4 0f 84 8e 00 00 00
0x0000000180004666:   41 83 7c 24 0c 00 0f 84 82 00 00 00 4c 8d 44 24
0x0000000180004676:   30 48 8d 4c 24 38 4d 8b cc 48 8b d3 e8 89 f4 ff
0x0000000180004686:   ff 48 8d 8c 24 80 03 00 00 41 b8 40 03 00 00 48
0x0000000180004696:   8b d0 e8 83 8a 00 00 83 bc 24 18 04 00 00 01 7f
0x00000001800046a6:   4d 48 83 bc 24 30 04 00 00 00 74 42 48 8b 9c 24
0x00000001800046b6:   20 04 00 00 48 8b cb 48 8b 03 ff 90 88 00 00 00
0x00000001800046c6:   48 8b 94 24 28 04 00 00 4c 8b 1b 48 8b 12 4c 8b
0x00000001800046d6:   84 24 38 04 00 00 41 b9 02 00 00 00 48 8b cb c7
0x00000001800046e6:   44 24 20 01 00 00 00 41 ff 93 28 01 00 00 32 c0
0x00000001800046f6:   48 8b 8c 24 50 07 00 00 48 33 cc e8 4a 80 00 00
0x0000000180004706:   48 8b 9c 24 a0 07 00 00 48 81 c4 60 07 00 00 41
0x0000000180004716:   5d 41 5c 5f 5e 5d c3 cc cc cc cc cc cc cc cc cc
0x0000000180004726:   cc cc cc cc cc cc cc cc cc cc 48 89 5c 24 08 48
0x0000000180004736:   89 6c 24 10 48 89 74 24 18 57 48 83 ec 20 48 8b
0x0000000180004746:   01 41 8b e8 48 8b fa 48 8b d9 ff 90 f8 00 00 00
0x0000000180004756:   4c 8b 13 4c 8d 0d 3c cd 01 00 4c 8d 05 85 cd 01 


Stack slot to memory mapping:
stack at sp + 0 slots: 0x000001716fcdbf68 points into unknown readable memory: 0x00007fffd17a9800 | 00 98 7a d1 ff 7f 00 00
stack at sp + 1 slots: 0x00000001800214c0 rxtxSerial.dll
stack at sp + 2 slots: 0x0 is NULL
stack at sp + 3 slots: 0x0000000000000001 is an unknown value
stack at sp + 4 slots: {method} {0x0000017123010628} 'findNative' '(Ljava/lang/ClassLoader;Ljava/lang/String;)J' in 'java/lang/ClassLoader'
stack at sp + 5 slots: {method} {0x0000017123010628} 'findNative' '(Ljava/lang/ClassLoader;Ljava/lang/String;)J' in 'java/lang/ClassLoader'
stack at sp + 6 slots: 0x0000006d003fefb8 is pointing into the stack for thread: 0x000001716fcdbcb0
stack at sp + 7 slots: 0x000001716cea23b0 points into unknown readable memory: 0x0000000000000002 | 02 00 00 00 00 00 00 00


---------------  P R O C E S S  ---------------

Threads class SMR info:
_java_thread_list=0x000001716aba6230, length=25, elements={
0x000001717e5226e0, 0x000001712197c240, 0x000001712197cfd0, 0x000001712199c2b0,
0x000001712199cd80, 0x000001712199ff80, 0x00000171219a1c70, 0x00000171219aae90,
0x00000171219b08c0, 0x00000171219c2fe0, 0x00000171222b64d0, 0x00000171222e4c50,
0x00000171222e4740, 0x00000171223c1870, 0x00000171222e5670, 0x00000171222e6090,
0x00000171222e2df0, 0x00000171222e3810, 0x00000171222e3d20, 0x00000171223c1320,
0x00000171223c2860, 0x000001716fcdbcb0, 0x000001716fcdc1c0, 0x00000171223c0dd0,
0x00000171223c42f0
}

Java Threads: ( => current thread )
  0x000001717e5226e0 JavaThread "main" [_thread_in_vm, id=3360, stack(0x0000006d7eb00000,0x0000006d7ec00000)]
  0x000001712197c240 JavaThread "Reference Handler" daemon [_thread_blocked, id=9932, stack(0x0000006d7f200000,0x0000006d7f300000)]
  0x000001712197cfd0 JavaThread "Finalizer" daemon [_thread_blocked, id=5204, stack(0x0000006d7f300000,0x0000006d7f400000)]
  0x000001712199c2b0 JavaThread "Signal Dispatcher" daemon [_thread_blocked, id=10320, stack(0x0000006d7f400000,0x0000006d7f500000)]
  0x000001712199cd80 JavaThread "Attach Listener" daemon [_thread_blocked, id=10332, stack(0x0000006d7f500000,0x0000006d7f600000)]
  0x000001712199ff80 JavaThread "Service Thread" daemon [_thread_blocked, id=9936, stack(0x0000006d7f600000,0x0000006d7f700000)]
  0x00000171219a1c70 JavaThread "Monitor Deflation Thread" daemon [_thread_blocked, id=2888, stack(0x0000006d7f700000,0x0000006d7f800000)]
  0x00000171219aae90 JavaThread "C2 CompilerThread0" daemon [_thread_in_native, id=9940, stack(0x0000006d7f800000,0x0000006d7f900000)]
  0x00000171219b08c0 JavaThread "C1 CompilerThread0" daemon [_thread_blocked, id=7284, stack(0x0000006d7f900000,0x0000006d7fa00000)]
  0x00000171219c2fe0 JavaThread "Sweeper thread" daemon [_thread_blocked, id=11000, stack(0x0000006d7fa00000,0x0000006d7fb00000)]
  0x00000171222b64d0 JavaThread "C1 CompilerThread1" daemon [_thread_blocked, id=4972, stack(0x0000006d7fb00000,0x0000006d7fc00000)]
  0x00000171222e4c50 JavaThread "Notification Thread" daemon [_thread_blocked, id=9924, stack(0x0000006d7fc00000,0x0000006d7fd00000)]
  0x00000171222e4740 JavaThread "Common-Cleaner" daemon [_thread_blocked, id=4352, stack(0x0000006d7fe00000,0x0000006d7ff00000)]
  0x00000171223c1870 JavaThread "C1 CompilerThread2" daemon [_thread_blocked, id=10124, stack(0x0000006d00200000,0x0000006d00300000)]
  0x00000171222e5670 JavaThread "Catalina-utility-1" [_thread_blocked, id=6720, stack(0x0000006d01400000,0x0000006d01500000)]
  0x00000171222e6090 JavaThread "Catalina-utility-2" [_thread_blocked, id=7532, stack(0x0000006d01500000,0x0000006d01600000)]
  0x00000171222e2df0 JavaThread "container-0" [_thread_blocked, id=16128, stack(0x0000006d01600000,0x0000006d01700000)]
  0x00000171222e3810 JavaThread "mysql-cj-abandoned-connection-cleanup" daemon [_thread_blocked, id=6360, stack(0x0000006d01700000,0x0000006d01800000)]
  0x00000171222e3d20 JavaThread "HikariPool-1 housekeeper" daemon [_thread_blocked, id=9720, stack(0x0000006d01900000,0x0000006d01a00000)]
  0x00000171223c1320 JavaThread "C2 CompilerThread1" daemon [_thread_in_native, id=8844, stack(0x0000006d00000000,0x0000006d00100000)]
  0x00000171223c2860 JavaThread "C2 CompilerThread2" daemon [_thread_in_native, id=9308, stack(0x0000006d00100000,0x0000006d00200000)]
=>0x000001716fcdbcb0 JavaThread "scheduling-1" [_thread_in_native, id=8800, stack(0x0000006d00300000,0x0000006d00400000)]
  0x000001716fcdc1c0 JavaThread "Thread-1" [_thread_in_native, id=6572, stack(0x0000006d00900000,0x0000006d00a00000)]
  0x00000171223c0dd0 JavaThread "C2 CompilerThread3" daemon [_thread_in_native, id=9372, stack(0x0000006d01300000,0x0000006d01400000)]
  0x00000171223c42f0 JavaThread "C2 CompilerThread4" daemon [_thread_in_native, id=9872, stack(0x0000006d01a00000,0x0000006d01b00000)]

Other Threads:
  0x0000017121977720 VMThread "VM Thread" [stack: 0x0000006d7f100000,0x0000006d7f200000] [id=9948]
  0x00000171222e6cb0 WatcherThread [stack: 0x0000006d7fd00000,0x0000006d7fe00000] [id=9952]
  0x000001717e58e3c0 GCTaskThread "GC Thread#0" [stack: 0x0000006d7ec00000,0x0000006d7ed00000] [id=17600]
  0x0000017122daa850 GCTaskThread "GC Thread#1" [stack: 0x0000006d00400000,0x0000006d00500000] [id=9884]
  0x0000017122d45280 GCTaskThread "GC Thread#2" [stack: 0x0000006d00500000,0x0000006d00600000] [id=9944]
  0x0000017168034c90 GCTaskThread "GC Thread#3" [stack: 0x0000006d00600000,0x0000006d00700000] [id=10144]
  0x0000017168034f50 GCTaskThread "GC Thread#4" [stack: 0x0000006d00700000,0x0000006d00800000] [id=17696]
  0x00000171680567d0 GCTaskThread "GC Thread#5" [stack: 0x0000006d00800000,0x0000006d00900000] [id=4560]
  0x0000017168707840 GCTaskThread "GC Thread#6" [stack: 0x0000006d00a00000,0x0000006d00b00000] [id=10080]
  0x0000017168382790 GCTaskThread "GC Thread#7" [stack: 0x0000006d00b00000,0x0000006d00c00000] [id=17728]
  0x0000017168a37f80 GCTaskThread "GC Thread#8" [stack: 0x0000006d00c00000,0x0000006d00d00000] [id=6964]
  0x000001716887db30 GCTaskThread "GC Thread#9" [stack: 0x0000006d00d00000,0x0000006d00e00000] [id=13148]
  0x0000017169b67600 GCTaskThread "GC Thread#10" [stack: 0x0000006d00e00000,0x0000006d00f00000] [id=8040]
  0x0000017169b5df20 GCTaskThread "GC Thread#11" [stack: 0x0000006d00f00000,0x0000006d01000000] [id=16388]
  0x000001716a3ac2f0 GCTaskThread "GC Thread#12" [stack: 0x0000006d01000000,0x0000006d01100000] [id=8496]
  0x000001717e59f150 ConcurrentGCThread "G1 Main Marker" [stack: 0x0000006d7ed00000,0x0000006d7ee00000] [id=8968]
  0x000001717e59fb70 ConcurrentGCThread "G1 Conc#0" [stack: 0x0000006d7ee00000,0x0000006d7ef00000] [id=15528]
  0x000001716a3abab0 ConcurrentGCThread "G1 Conc#1" [stack: 0x0000006d01100000,0x0000006d01200000] [id=15608]
  0x000001716a3aacf0 ConcurrentGCThread "G1 Conc#2" [stack: 0x0000006d01200000,0x0000006d01300000] [id=14716]
  0x000001717e5ce760 ConcurrentGCThread "G1 Refine#0" [stack: 0x0000006d7ef00000,0x0000006d7f000000] [id=2928]
  0x00000171218b81e0 ConcurrentGCThread "G1 Service" [stack: 0x0000006d7f000000,0x0000006d7f100000] [id=4664]

Threads with active compile tasks:
C2 CompilerThread0     9925 7229   !   4       org.springframework.core.annotation.AnnotationsScanner::processMethodHierarchy (276 bytes)
C2 CompilerThread1     9925 7212       4       org.springframework.core.annotation.AnnotationsScanner::scan (21 bytes)
C2 CompilerThread2     9925 7250 % !   4       org.springframework.beans.factory.support.DefaultListableBeanFactory::doGetBeanNamesForType @ 20 (505 bytes)
C2 CompilerThread3     9925 7230       4       org.springframework.core.annotation.AnnotationsScanner::process (55 bytes)
C2 CompilerThread4     9925 7280       4       org.springframework.core.annotation.AnnotationsScanner::getBaseTypeMethods (123 bytes)

VM state: not at safepoint (normal execution)

VM Mutex/Monitor currently owned by a thread: None

Heap address: 0x0000000701c00000, size: 4068 MB, Compressed Oops mode: Zero based, Oop shift amount: 3

CDS archive(s) mapped at: [0x0000017123000000-0x0000017123ba0000-0x0000017123ba0000), size 12189696, SharedBaseAddress: 0x0000017123000000, ArchiveRelocationMode: 1.
Compressed class space mapped at: 0x0000017124000000-0x0000017164000000, reserved size: 1073741824
Narrow klass base: 0x0000017123000000, Narrow klass shift: 0, Narrow klass range: 0x100000000

GC Precious Log:
 CPUs: 16 total, 16 available
 Memory: 16264M
 Large Page Support: Disabled
 NUMA Support: Disabled
 Compressed Oops: Enabled (Zero based)
 Heap Region Size: 2M
 Heap Min Capacity: 8M
 Heap Initial Capacity: 256M
 Heap Max Capacity: 4068M
 Pre-touch: Disabled
 Parallel Workers: 13
 Concurrent Workers: 3
 Concurrent Refinement Workers: 13
 Periodic GC: Disabled

Heap:
 garbage-first heap   total 81920K, used 42225K [0x0000000701c00000, 0x0000000800000000)
  region size 2048K, 11 young (22528K), 1 survivors (2048K)
 Metaspace       used 58769K, committed 59328K, reserved 1114112K
  class space    used 7822K, committed 8128K, reserved 1048576K

Heap Regions: E=young(eden), S=young(survivor), O=old, HS=humongous(starts), HC=humongous(continues), CS=collection set, F=free, OA=open archive, CA=closed archive, TAMS=top-at-mark-start (previous, next)
|   0|0x0000000701c00000, 0x0000000701e00000, 0x0000000701e00000|100%| O|  |TAMS 0x0000000701e00000, 0x0000000701c00000| Untracked 
|   1|0x0000000701e00000, 0x0000000702000000, 0x0000000702000000|100%| O|  |TAMS 0x0000000702000000, 0x0000000701e00000| Untracked 
|   2|0x0000000702000000, 0x0000000702200000, 0x0000000702200000|100%| O|  |TAMS 0x0000000702200000, 0x0000000702000000| Untracked 
|   3|0x0000000702200000, 0x0000000702400000, 0x0000000702400000|100%| O|  |TAMS 0x0000000702400000, 0x0000000702200000| Untracked 
|   4|0x0000000702400000, 0x0000000702600000, 0x0000000702600000|100%| O|  |TAMS 0x0000000702600000, 0x0000000702400000| Untracked 
|   5|0x0000000702600000, 0x0000000702800000, 0x0000000702800000|100%| O|  |TAMS 0x0000000702800000, 0x0000000702600000| Untracked 
|   6|0x0000000702800000, 0x0000000702a00000, 0x0000000702a00000|100%| O|  |TAMS 0x0000000702a00000, 0x0000000702800000| Untracked 
|   7|0x0000000702a00000, 0x0000000702c00000, 0x0000000702c00000|100%| O|  |TAMS 0x0000000702c00000, 0x0000000702a00000| Untracked 
|   8|0x0000000702c00000, 0x0000000702e00000, 0x0000000702e00000|100%| O|  |TAMS 0x0000000702e00000, 0x0000000702c00000| Untracked 
|   9|0x0000000702e00000, 0x0000000702e00000, 0x0000000703000000|  0%| F|  |TAMS 0x0000000702e00000, 0x0000000702e00000| Untracked 
|  10|0x0000000703000000, 0x0000000703200000, 0x0000000703200000|100%| O|  |TAMS 0x0000000703200000, 0x0000000703000000| Untracked 
|  11|0x0000000703200000, 0x0000000703400000, 0x0000000703400000|100%| O|  |TAMS 0x0000000703400000, 0x0000000703200000| Untracked 
|  12|0x0000000703400000, 0x0000000703427c00, 0x0000000703600000|  7%| O|  |TAMS 0x0000000703427c00, 0x0000000703400000| Untracked 
|  13|0x0000000703600000, 0x0000000703600000, 0x0000000703800000|  0%| F|  |TAMS 0x0000000703600000, 0x0000000703600000| Untracked 
|  14|0x0000000703800000, 0x0000000703800000, 0x0000000703a00000|  0%| F|  |TAMS 0x0000000703800000, 0x0000000703800000| Untracked 
|  15|0x0000000703a00000, 0x0000000703a00000, 0x0000000703c00000|  0%| F|  |TAMS 0x0000000703a00000, 0x0000000703a00000| Untracked 
|  16|0x0000000703c00000, 0x0000000703c00000, 0x0000000703e00000|  0%| F|  |TAMS 0x0000000703c00000, 0x0000000703c00000| Untracked 
|  17|0x0000000703e00000, 0x0000000703e00000, 0x0000000704000000|  0%| F|  |TAMS 0x0000000703e00000, 0x0000000703e00000| Untracked 
|  18|0x0000000704000000, 0x0000000704000000, 0x0000000704200000|  0%| F|  |TAMS 0x0000000704000000, 0x0000000704000000| Untracked 
|  19|0x0000000704200000, 0x0000000704200000, 0x0000000704400000|  0%| F|  |TAMS 0x0000000704200000, 0x0000000704200000| Untracked 
|  20|0x0000000704400000, 0x0000000704514810, 0x0000000704600000| 54%| S|CS|TAMS 0x0000000704400000, 0x0000000704400000| Complete 
|  21|0x0000000704600000, 0x0000000704600000, 0x0000000704800000|  0%| F|  |TAMS 0x0000000704600000, 0x0000000704600000| Untracked 
|  22|0x0000000704800000, 0x0000000704800000, 0x0000000704a00000|  0%| F|  |TAMS 0x0000000704800000, 0x0000000704800000| Untracked 
|  23|0x0000000704a00000, 0x0000000704a00000, 0x0000000704c00000|  0%| F|  |TAMS 0x0000000704a00000, 0x0000000704a00000| Untracked 
|  24|0x0000000704c00000, 0x0000000704c00000, 0x0000000704e00000|  0%| F|  |TAMS 0x0000000704c00000, 0x0000000704c00000| Untracked 
|  25|0x0000000704e00000, 0x0000000704e00000, 0x0000000705000000|  0%| F|  |TAMS 0x0000000704e00000, 0x0000000704e00000| Untracked 
|  26|0x0000000705000000, 0x0000000705000000, 0x0000000705200000|  0%| F|  |TAMS 0x0000000705000000, 0x0000000705000000| Untracked 
|  27|0x0000000705200000, 0x0000000705200000, 0x0000000705400000|  0%| F|  |TAMS 0x0000000705200000, 0x0000000705200000| Untracked 
|  28|0x0000000705400000, 0x0000000705400000, 0x0000000705600000|  0%| F|  |TAMS 0x0000000705400000, 0x0000000705400000| Untracked 
|  29|0x0000000705600000, 0x0000000705600000, 0x0000000705800000|  0%| F|  |TAMS 0x0000000705600000, 0x0000000705600000| Untracked 
|  30|0x0000000705800000, 0x0000000705a00000, 0x0000000705a00000|100%| E|  |TAMS 0x0000000705800000, 0x0000000705800000| Complete 
|  31|0x0000000705a00000, 0x0000000705c00000, 0x0000000705c00000|100%| E|CS|TAMS 0x0000000705a00000, 0x0000000705a00000| Complete 
|  32|0x0000000705c00000, 0x0000000705e00000, 0x0000000705e00000|100%| E|CS|TAMS 0x0000000705c00000, 0x0000000705c00000| Complete 
|  33|0x0000000705e00000, 0x0000000706000000, 0x0000000706000000|100%| E|CS|TAMS 0x0000000705e00000, 0x0000000705e00000| Complete 
|  34|0x0000000706000000, 0x0000000706200000, 0x0000000706200000|100%| E|CS|TAMS 0x0000000706000000, 0x0000000706000000| Complete 
|  35|0x0000000706200000, 0x0000000706400000, 0x0000000706400000|100%| E|CS|TAMS 0x0000000706200000, 0x0000000706200000| Complete 
|  36|0x0000000706400000, 0x0000000706600000, 0x0000000706600000|100%| E|CS|TAMS 0x0000000706400000, 0x0000000706400000| Complete 
|  65|0x0000000709e00000, 0x000000070a000000, 0x000000070a000000|100%| E|CS|TAMS 0x0000000709e00000, 0x0000000709e00000| Complete 
|  66|0x000000070a000000, 0x000000070a200000, 0x000000070a200000|100%| E|CS|TAMS 0x000000070a000000, 0x000000070a000000| Complete 
| 127|0x0000000711a00000, 0x0000000711c00000, 0x0000000711c00000|100%| E|CS|TAMS 0x0000000711a00000, 0x0000000711a00000| Complete 

Card table byte_map: [0x000001717f650000,0x000001717fe50000] _byte_map_base: 0x000001717be42000

Marking Bits (Prev, Next): (CMBitMap*) 0x000001717e58ea20, (CMBitMap*) 0x000001717e58e9e0
 Prev Bits: [0x000001711b1e0000, 0x000001711f170000)
 Next Bits: [0x0000017117250000, 0x000001711b1e0000)

Polling page: 0x000001717c2d0000

Metaspace:

Usage:
  Non-class:     49.76 MB used.
      Class:      7.64 MB used.
       Both:     57.40 MB used.

Virtual space:
  Non-class space:       64.00 MB reserved,      50.00 MB ( 78%) committed,  1 nodes.
      Class space:        1.00 GB reserved,       7.94 MB ( <1%) committed,  1 nodes.
             Both:        1.06 GB reserved,      57.94 MB (  5%) committed. 

Chunk freelists:
   Non-Class:  13.39 MB
       Class:  8.05 MB
        Both:  21.44 MB

MaxMetaspaceSize: unlimited
CompressedClassSpaceSize: 1.00 GB
Initial GC threshold: 21.00 MB
Current GC threshold: 91.06 MB
CDS: on
MetaspaceReclaimPolicy: balanced
 - commit_granule_bytes: 65536.
 - commit_granule_words: 8192.
 - virtual_space_node_default_size: 8388608.
 - enlarge_chunks_in_place: 1.
 - new_chunks_are_fully_committed: 0.
 - uncommit_free_chunks: 1.
 - use_allocation_guard: 0.
 - handle_deallocations: 1.


Internal statistics:

num_allocs_failed_limit: 9.
num_arena_births: 682.
num_arena_deaths: 0.
num_vsnodes_births: 2.
num_vsnodes_deaths: 0.
num_space_committed: 927.
num_space_uncommitted: 0.
num_chunks_returned_to_freelist: 9.
num_chunks_taken_from_freelist: 2746.
num_chunk_merges: 9.
num_chunk_splits: 1968.
num_chunks_enlarged: 1518.
num_inconsistent_stats: 0.

CodeHeap 'non-profiled nmethods': size=119168Kb used=4271Kb max_used=4271Kb free=114896Kb
 bounds [0x000001710f5f0000, 0x000001710fa20000, 0x0000017116a50000]
CodeHeap 'profiled nmethods': size=119104Kb used=13131Kb max_used=13131Kb free=105972Kb
 bounds [0x0000017107a50000, 0x0000017108730000, 0x000001710eea0000]
CodeHeap 'non-nmethods': size=7488Kb used=2482Kb max_used=3078Kb free=5005Kb
 bounds [0x000001710eea0000, 0x000001710f1b0000, 0x000001710f5f0000]
 total_blobs=7209 nmethods=6525 adapters=592
 compilation: enabled
              stopped_count=0, restarted_count=0
 full_count=0

Compilation events (20 events):
Event: 9.894 Thread 0x00000171222b64d0 7258       3       org.springframework.core.convert.TypeDescriptor$AnnotatedElementAdapter::<init> (15 bytes)
Event: 9.894 Thread 0x00000171222b64d0 nmethod 7258 0x0000017108713f10 code [0x00000171087140c0, 0x00000171087142f8]
Event: 9.894 Thread 0x00000171223c1870 nmethod 7252 0x0000017108714410 code [0x0000017108714920, 0x00000171087181e8]
Event: 9.895 Thread 0x00000171223c1870 7259       3       org.springframework.core.annotation.TypeMappedAnnotations$MergedAnnotationFinder::doWithAnnotations (10 bytes)
Event: 9.896 Thread 0x00000171223c1870 nmethod 7259 0x0000017108718d90 code [0x0000017108718f20, 0x0000017108719068]
Event: 9.897 Thread 0x00000171223c1870 7260       3       java.lang.Module::isExported (15 bytes)
Event: 9.898 Thread 0x00000171223c1870 nmethod 7260 0x0000017108719110 code [0x00000171087192e0, 0x0000017108719598]
Event: 9.898 Thread 0x00000171223c1870 7261       2       java.util.AbstractList::listIterator (15 bytes)
Event: 9.898 Thread 0x00000171223c1870 nmethod 7261 0x0000017108719690 code [0x0000017108719860, 0x0000017108719be8]
Event: 9.898 Thread 0x00000171223c2860 nmethod 7247 0x000001710fa19590 code [0x000001710fa19740, 0x000001710fa1a098]
Event: 9.898 Thread 0x00000171223c2860 7255       4       java.util.AbstractCollection::toArray (144 bytes)
Event: 9.900 Thread 0x00000171223c1870 7265       3       java.lang.invoke.LambdaFormEditor$TransformKey::packedBytes (39 bytes)
Event: 9.900 Thread 0x00000171219b08c0 7264       3       java.lang.invoke.LambdaFormEditor$TransformKey::of (51 bytes)
Event: 9.900 Thread 0x00000171223c1870 nmethod 7265 0x0000017108719d10 code [0x0000017108719ea0, 0x0000017108719fb8]
Event: 9.900 Thread 0x00000171219b08c0 nmethod 7264 0x000001710871a090 code [0x000001710871a280, 0x000001710871a848]
Event: 9.900 Thread 0x00000171223c1870 7266       1       sun.reflect.generics.tree.MethodTypeSignature::getParameterTypes (5 bytes)
Event: 9.900 Thread 0x00000171223c0dd0 7263       4       java.util.HashSet::iterator (13 bytes)
Event: 9.900 Thread 0x00000171223c1870 nmethod 7266 0x000001710fa1a510 code [0x000001710fa1a6a0, 0x000001710fa1a778]
Event: 9.901 Thread 0x00000171223c2860 nmethod 7255 0x000001710fa1a810 code [0x000001710fa1a9c0, 0x000001710fa1aef8]
Event: 9.901 Thread 0x00000171223c2860 7250 % !   4       org.springframework.beans.factory.support.DefaultListableBeanFactory::doGetBeanNamesForType @ 20 (505 bytes)

GC Heap History (20 events):
Event: 0.342 GC heap before
{Heap before GC invocations=0 (full 0):
 garbage-first heap   total 262144K, used 22528K [0x0000000701c00000, 0x0000000800000000)
  region size 2048K, 11 young (22528K), 0 survivors (0K)
 Metaspace       used 5607K, committed 5824K, reserved 1114112K
  class space    used 654K, committed 768K, reserved 1048576K
}
Event: 0.344 GC heap after
{Heap after GC invocations=1 (full 0):
 garbage-first heap   total 262144K, used 6447K [0x0000000701c00000, 0x0000000800000000)
  region size 2048K, 2 young (4096K), 2 survivors (4096K)
 Metaspace       used 5607K, committed 5824K, reserved 1114112K
  class space    used 654K, committed 768K, reserved 1048576K
}
Event: 0.557 GC heap before
{Heap before GC invocations=1 (full 0):
 garbage-first heap   total 262144K, used 33071K [0x0000000701c00000, 0x0000000800000000)
  region size 2048K, 15 young (30720K), 2 survivors (4096K)
 Metaspace       used 11766K, committed 12032K, reserved 1114112K
  class space    used 1393K, committed 1536K, reserved 1048576K
}
Event: 0.559 GC heap after
{Heap after GC invocations=2 (full 0):
 garbage-first heap   total 262144K, used 8814K [0x0000000701c00000, 0x0000000800000000)
  region size 2048K, 2 young (4096K), 2 survivors (4096K)
 Metaspace       used 11766K, committed 12032K, reserved 1114112K
  class space    used 1393K, committed 1536K, reserved 1048576K
}
Event: 1.193 GC heap before
{Heap before GC invocations=2 (full 0):
 garbage-first heap   total 262144K, used 80494K [0x0000000701c00000, 0x0000000800000000)
  region size 2048K, 38 young (77824K), 2 survivors (4096K)
 Metaspace       used 21250K, committed 21504K, reserved 1114112K
  class space    used 2588K, committed 2752K, reserved 1048576K
}
Event: 1.197 GC heap after
{Heap after GC invocations=3 (full 0):
 garbage-first heap   total 262144K, used 14158K [0x0000000701c00000, 0x0000000800000000)
  region size 2048K, 4 young (8192K), 4 survivors (8192K)
 Metaspace       used 21250K, committed 21504K, reserved 1114112K
  class space    used 2588K, committed 2752K, reserved 1048576K
}
Event: 1.588 GC heap before
{Heap before GC invocations=4 (full 0):
 garbage-first heap   total 61440K, used 42830K [0x0000000701c00000, 0x0000000800000000)
  region size 2048K, 18 young (36864K), 4 survivors (8192K)
 Metaspace       used 25325K, committed 25664K, reserved 1114112K
  class space    used 3227K, committed 3392K, reserved 1048576K
}
Event: 1.593 GC heap after
{Heap after GC invocations=5 (full 0):
 garbage-first heap   total 61440K, used 17246K [0x0000000701c00000, 0x0000000800000000)
  region size 2048K, 2 young (4096K), 2 survivors (4096K)
 Metaspace       used 25325K, committed 25664K, reserved 1114112K
  class space    used 3227K, committed 3392K, reserved 1048576K
}
Event: 1.643 GC heap before
{Heap before GC invocations=5 (full 0):
 garbage-first heap   total 61440K, used 19294K [0x0000000701c00000, 0x0000000800000000)
  region size 2048K, 3 young (6144K), 2 survivors (4096K)
 Metaspace       used 25973K, committed 26304K, reserved 1114112K
  class space    used 3308K, committed 3456K, reserved 1048576K
}
Event: 1.646 GC heap after
{Heap after GC invocations=6 (full 0):
 garbage-first heap   total 61440K, used 17436K [0x0000000701c00000, 0x0000000800000000)
  region size 2048K, 1 young (2048K), 1 survivors (2048K)
 Metaspace       used 25973K, committed 26304K, reserved 1114112K
  class space    used 3308K, committed 3456K, reserved 1048576K
}
Event: 1.943 GC heap before
{Heap before GC invocations=6 (full 0):
 garbage-first heap   total 61440K, used 39964K [0x0000000701c00000, 0x0000000800000000)
  region size 2048K, 12 young (24576K), 1 survivors (2048K)
 Metaspace       used 30070K, committed 30464K, reserved 1114112K
  class space    used 3788K, committed 3968K, reserved 1048576K
}
Event: 1.945 GC heap after
{Heap after GC invocations=7 (full 0):
 garbage-first heap   total 161792K, used 18429K [0x0000000701c00000, 0x0000000800000000)
  region size 2048K, 1 young (2048K), 1 survivors (2048K)
 Metaspace       used 30070K, committed 30464K, reserved 1114112K
  class space    used 3788K, committed 3968K, reserved 1048576K
}
Event: 2.253 GC heap before
{Heap before GC invocations=7 (full 0):
 garbage-first heap   total 161792K, used 40957K [0x0000000701c00000, 0x0000000800000000)
  region size 2048K, 13 young (26624K), 1 survivors (2048K)
 Metaspace       used 35553K, committed 35968K, reserved 1114112K
  class space    used 4642K, committed 4864K, reserved 1048576K
}
Event: 2.255 GC heap after
{Heap after GC invocations=8 (full 0):
 garbage-first heap   total 161792K, used 19695K [0x0000000701c00000, 0x0000000800000000)
  region size 2048K, 2 young (4096K), 2 survivors (4096K)
 Metaspace       used 35553K, committed 35968K, reserved 1114112K
  class space    used 4642K, committed 4864K, reserved 1048576K
}
Event: 2.817 GC heap before
{Heap before GC invocations=9 (full 0):
 garbage-first heap   total 81920K, used 64751K [0x0000000701c00000, 0x0000000800000000)
  region size 2048K, 24 young (49152K), 2 survivors (4096K)
 Metaspace       used 48729K, committed 49216K, reserved 1114112K
  class space    used 6258K, committed 6464K, reserved 1048576K
}
Event: 2.820 GC heap after
{Heap after GC invocations=10 (full 0):
 garbage-first heap   total 81920K, used 22965K [0x0000000701c00000, 0x0000000800000000)
  region size 2048K, 3 young (6144K), 3 survivors (6144K)
 Metaspace       used 48729K, committed 49216K, reserved 1114112K
  class space    used 6258K, committed 6464K, reserved 1048576K
}
Event: 2.835 GC heap before
{Heap before GC invocations=10 (full 0):
 garbage-first heap   total 81920K, used 22965K [0x0000000701c00000, 0x0000000800000000)
  region size 2048K, 4 young (8192K), 3 survivors (6144K)
 Metaspace       used 49002K, committed 49472K, reserved 1114112K
  class space    used 6310K, committed 6528K, reserved 1048576K
}
Event: 2.838 GC heap after
{Heap after GC invocations=11 (full 0):
 garbage-first heap   total 81920K, used 23939K [0x0000000701c00000, 0x0000000800000000)
  region size 2048K, 1 young (2048K), 1 survivors (2048K)
 Metaspace       used 49002K, committed 49472K, reserved 1114112K
  class space    used 6310K, committed 6528K, reserved 1048576K
}
Event: 3.206 GC heap before
{Heap before GC invocations=11 (full 0):
 garbage-first heap   total 81920K, used 58755K [0x0000000701c00000, 0x0000000800000000)
  region size 2048K, 19 young (38912K), 1 survivors (2048K)
 Metaspace       used 55324K, committed 55808K, reserved 1114112K
  class space    used 7327K, committed 7552K, reserved 1048576K
}
Event: 3.207 GC heap after
{Heap after GC invocations=12 (full 0):
 garbage-first heap   total 81920K, used 23793K [0x0000000701c00000, 0x0000000800000000)
  region size 2048K, 1 young (2048K), 1 survivors (2048K)
 Metaspace       used 55324K, committed 55808K, reserved 1114112K
  class space    used 7327K, committed 7552K, reserved 1048576K
}

Dll operation events (11 events):
Event: 0.003 Loaded shared library C:\Users\tlawo\.jdks\corretto-17.0.9\bin\java.dll
Event: 0.014 Loaded shared library C:\Users\tlawo\.jdks\corretto-17.0.9\bin\jsvml.dll
Event: 0.065 Loaded shared library C:\Users\tlawo\.jdks\corretto-17.0.9\bin\net.dll
Event: 0.065 Loaded shared library C:\Users\tlawo\.jdks\corretto-17.0.9\bin\nio.dll
Event: 0.067 Loaded shared library C:\Users\tlawo\.jdks\corretto-17.0.9\bin\zip.dll
Event: 0.129 Loaded shared library C:\Users\tlawo\.jdks\corretto-17.0.9\bin\jimage.dll
Event: 0.683 Loaded shared library C:\Users\tlawo\.jdks\corretto-17.0.9\bin\sunmscapi.dll
Event: 1.741 Loaded shared library C:\Users\tlawo\.jdks\corretto-17.0.9\bin\management.dll
Event: 1.742 Loaded shared library C:\Users\tlawo\.jdks\corretto-17.0.9\bin\management_ext.dll
Event: 2.104 Loaded shared library C:\Users\tlawo\.jdks\corretto-17.0.9\bin\verify.dll
Event: 9.889 Loaded shared library C:\Users\tlawo\.jdks\corretto-17.0.9\bin\rxtxSerial.dll

Deoptimization events (20 events):
Event: 9.890 Thread 0x000001716fcdbcb0 Uncommon trap: trap_request=0xffffff45 fr.pc=0x000001710f61eb78 relative=0x00000000000007b8
Event: 9.890 Thread 0x000001716fcdbcb0 Uncommon trap: reason=unstable_if action=reinterpret pc=0x000001710f61eb78 method=java.lang.AbstractStringBuilder.append(Ljava/lang/String;)Ljava/lang/AbstractStringBuilder; @ 1 c2
Event: 9.890 Thread 0x000001716fcdbcb0 DEOPT PACKING pc=0x000001710f61eb78 sp=0x0000006d003fe2c0
Event: 9.890 Thread 0x000001716fcdbcb0 DEOPT UNPACKING pc=0x000001710eef69a3 sp=0x0000006d003fe2a8 mode 2
Event: 9.892 Thread 0x000001717e5226e0 Uncommon trap: trap_request=0xffffff45 fr.pc=0x000001710f85310c relative=0x0000000000002c0c
Event: 9.892 Thread 0x000001717e5226e0 Uncommon trap: reason=unstable_if action=reinterpret pc=0x000001710f85310c method=org.springframework.beans.factory.support.AbstractAutowireCapableBeanFactory.getTypeForFactoryBean(Ljava/lang/String;Lorg/springframework/beans/factory/support/RootBeanDefin
Event: 9.892 Thread 0x000001717e5226e0 DEOPT PACKING pc=0x000001710f85310c sp=0x0000006d7ebfc460
Event: 9.892 Thread 0x000001717e5226e0 DEOPT UNPACKING pc=0x000001710eef69a3 sp=0x0000006d7ebfc488 mode 2
Event: 9.893 Thread 0x000001717e5226e0 Uncommon trap: trap_request=0xffffff45 fr.pc=0x000001710f8c05d8 relative=0x00000000000008f8
Event: 9.893 Thread 0x000001717e5226e0 Uncommon trap: reason=unstable_if action=reinterpret pc=0x000001710f8c05d8 method=org.springframework.core.annotation.TypeMappedAnnotations$MergedAnnotationFinder.doWithAnnotations(Ljava/lang/Object;ILjava/lang/Object;[Ljava/lang/annotation/Annotation;)Lo
Event: 9.893 Thread 0x000001717e5226e0 DEOPT PACKING pc=0x000001710f8c05d8 sp=0x0000006d7ebfd090
Event: 9.893 Thread 0x000001717e5226e0 DEOPT UNPACKING pc=0x000001710eef69a3 sp=0x0000006d7ebfd070 mode 2
Event: 9.897 Thread 0x000001717e5226e0 Uncommon trap: trap_request=0xffffff45 fr.pc=0x000001710f89d0e4 relative=0x0000000000000064
Event: 9.897 Thread 0x000001717e5226e0 Uncommon trap: reason=unstable_if action=reinterpret pc=0x000001710f89d0e4 method=java.lang.Class.componentType()Ljava/lang/Class; @ 4 c2
Event: 9.897 Thread 0x000001717e5226e0 DEOPT PACKING pc=0x000001710f89d0e4 sp=0x0000006d7ebfc410
Event: 9.897 Thread 0x000001717e5226e0 DEOPT UNPACKING pc=0x000001710eef69a3 sp=0x0000006d7ebfc3a0 mode 2
Event: 9.900 Thread 0x000001717e5226e0 Uncommon trap: trap_request=0xffffff45 fr.pc=0x000001710f94b518 relative=0x00000000000001f8
Event: 9.900 Thread 0x000001717e5226e0 Uncommon trap: reason=unstable_if action=reinterpret pc=0x000001710f94b518 method=java.util.ArrayDeque.addLast(Ljava/lang/Object;)V @ 42 c2
Event: 9.900 Thread 0x000001717e5226e0 DEOPT PACKING pc=0x000001710f94b518 sp=0x0000006d7ebfcca0
Event: 9.900 Thread 0x000001717e5226e0 DEOPT UNPACKING pc=0x000001710eef69a3 sp=0x0000006d7ebfcbf8 mode 2

Classes unloaded (0 events):
No events

Classes redefined (0 events):
No events

Internal exceptions (20 events):
Event: 2.807 Thread 0x000001717e5226e0 Exception <a 'java/lang/NoSuchMethodError'{0x0000000703ca01d8}: 'java.lang.Object java.lang.invoke.DirectMethodHandle$Holder.invokeStaticInit(java.lang.Object, java.lang.Object, int, java.lang.Object)'> (0x0000000703ca01d8) 
thrown [s\src\hotspot\share\interpreter\linkResolver.cpp, line 759]
Event: 3.153 Thread 0x000001717e5226e0 Exception <a 'java/lang/NoSuchMethodError'{0x0000000704ee2ea0}: 'java.lang.Object java.lang.invoke.DirectMethodHandle$Holder.newInvokeSpecial(java.lang.Object, java.lang.Object, java.lang.Object, java.lang.Object, java.lang.Object, java.lang.Object)'> (0x0000000704ee2ea0) 
thrown [s\src\hotspot\share\interpreter\linkResolver.cpp, line 759]
Event: 3.228 Thread 0x000001717e5226e0 Exception <a 'java/lang/NoSuchMethodError'{0x0000000711b545f0}: 'void java.lang.invoke.DirectMethodHandle$Holder.invokeInterface(java.lang.Object, java.lang.Object, int, java.lang.Object)'> (0x0000000711b545f0) 
thrown [s\src\hotspot\share\interpreter\linkResolver.cpp, line 759]
Event: 3.230 Thread 0x000001717e5226e0 Exception <a 'java/lang/NoSuchMethodError'{0x0000000711b7e118}: 'java.lang.Object java.lang.invoke.DirectMethodHandle$Holder.newInvokeSpecial(java.lang.Object, java.lang.Object, int, java.lang.Object)'> (0x0000000711b7e118) 
thrown [s\src\hotspot\share\interpreter\linkResolver.cpp, line 759]
Event: 3.230 Thread 0x000001717e5226e0 Exception <a 'java/lang/NoSuchMethodError'{0x0000000711b81ce0}: 'java.lang.Object java.lang.invoke.Invokers$Holder.linkToTargetMethod(java.lang.Object, int, java.lang.Object, java.lang.Object)'> (0x0000000711b81ce0) 
thrown [s\src\hotspot\share\interpreter\linkResolver.cpp, line 759]
Event: 3.239 Thread 0x000001717e5226e0 Exception <a 'java/lang/NoSuchMethodError'{0x000000070a02c918}: 'java.lang.Object java.lang.invoke.DirectMethodHandle$Holder.newInvokeSpecial(java.lang.Object, java.lang.Object, int)'> (0x000000070a02c918) 
thrown [s\src\hotspot\share\interpreter\linkResolver.cpp, line 759]
Event: 3.254 Thread 0x000001717e5226e0 Exception <a 'java/lang/NoSuchMethodError'{0x000000070a197078}: 'int java.lang.invoke.DirectMethodHandle$Holder.invokeStatic(java.lang.Object, int, java.lang.Object)'> (0x000000070a197078) 
thrown [s\src\hotspot\share\interpreter\linkResolver.cpp, line 759]
Event: 3.256 Thread 0x000001717e5226e0 Exception <a 'java/lang/NoSuchMethodError'{0x000000070a1b8f40}: 'java.lang.Object java.lang.invoke.DirectMethodHandle$Holder.newInvokeSpecial(java.lang.Object, java.lang.Object, java.lang.Object, java.lang.Object, java.lang.Object, int, java.lang.Object)'> (0x000000070a1b8f40) 
thrown [s\src\hotspot\share\interpreter\linkResolver.cpp, line 759]
Event: 3.258 Thread 0x000001717e5226e0 Exception <a 'java/lang/NoSuchMethodError'{0x000000070a1f2f20}: 'java.lang.Object java.lang.invoke.DirectMethodHandle$Holder.newInvokeSpecial(java.lang.Object, java.lang.Object, java.lang.Object, java.lang.Object, java.lang.Object, java.lang.Object, java.lang.Object, java.lang.Object, java.lang.Object, java.lang.Object, java.lang.Object, java.lang.Object)'> (0x000000070a1f2f20) 
thrown [s\src\hotspot\share\interpreter\linkResolver.cpp, line 759]
Event: 3.258 Thread 0x000001717e5226e0 Exception <a 'java/lang/NoSuchMethodError'{0x000000070a1f79b8}: 'java.lang.Object java.lang.invoke.DirectMethodHandle$Holder.invokeSpecial(java.lang.Object, java.lang.Object, java.lang.Object, java.lang.Object, java.lang.Object, java.lang.Object, java.lang.Object, java.lang.Object, java.lang.Object, java.lang.Object, java.lang.Object, java.lang.Object, java.lang.Object)'> (0x000000070a1f79b8) 
thrown [s\src\hotspot\share\interpreter\linkResolver.cpp, line 759]
Event: 3.258 Thread 0x000001717e5226e0 Exception <a 'java/lang/NoSuchMethodError'{0x000000070a1fc0d0}: 'java.lang.Object java.lang.invoke.Invokers$Holder.linkToTargetMethod(java.lang.Object, java.lang.Object, java.lang.Object, java.lang.Object, java.lang.Object, java.lang.Object, java.lang.Object, java.lang.Object, java.lang.Object, java.lang.Object, java.lang.Object, java.lang.Object)'> (0x000000070a1fc0d0) 
thrown [s\src\hotspot\share\interpreter\linkResolver.cpp, line 759]
Event: 3.267 Thread 0x000001717e5226e0 Exception <a 'java/lang/IncompatibleClassChangeError'{0x0000000709ebe5e0}: Found class java.lang.Object, but interface was expected> (0x0000000709ebe5e0) 
thrown [s\src\hotspot\share\interpreter\linkResolver.cpp, line 826]
Event: 3.287 Thread 0x000001717e5226e0 Exception <a 'java/lang/NoSuchMethodError'{0x000000070648cc10}: 'java.lang.Object java.lang.invoke.DirectMethodHandle$Holder.newInvokeSpecial(java.lang.Object, java.lang.Object, int, java.lang.Object, int, java.lang.Object, java.lang.Object)'> (0x000000070648cc10) 
thrown [s\src\hotspot\share\interpreter\linkResolver.cpp, line 759]
Event: 3.291 Thread 0x000001717e5226e0 Exception <a 'java/lang/NoSuchMethodError'{0x0000000706504e20}: 'java.lang.Object java.lang.invoke.DirectMethodHandle$Holder.newInvokeSpecial(java.lang.Object, java.lang.Object, java.lang.Object, java.lang.Object, java.lang.Object, java.lang.Object, java.lang.Object, int)'> (0x0000000706504e20) 
thrown [s\src\hotspot\share\interpreter\linkResolver.cpp, line 759]
Event: 3.292 Thread 0x000001717e5226e0 Exception <a 'java/lang/NoSuchMethodError'{0x0000000706509e18}: 'java.lang.Object java.lang.invoke.DirectMethodHandle$Holder.invokeSpecial(java.lang.Object, java.lang.Object, java.lang.Object, java.lang.Object, java.lang.Object, java.lang.Object, java.lang.Object, java.lang.Object, int)'> (0x0000000706509e18) 
thrown [s\src\hotspot\share\interpreter\linkResolver.cpp, line 759]
Event: 3.292 Thread 0x000001717e5226e0 Exception <a 'java/lang/NoSuchMethodError'{0x000000070650e8e0}: 'java.lang.Object java.lang.invoke.Invokers$Holder.linkToTargetMethod(java.lang.Object, java.lang.Object, java.lang.Object, java.lang.Object, java.lang.Object, java.lang.Object, int, java.lang.Object)'> (0x000000070650e8e0) 
thrown [s\src\hotspot\share\interpreter\linkResolver.cpp, line 759]
Event: 3.311 Thread 0x000001717e5226e0 Exception <a 'java/lang/NoSuchMethodError'{0x000000070624bbe0}: 'void java.lang.invoke.DirectMethodHandle$Holder.invokeInterface(java.lang.Object, java.lang.Object)'> (0x000000070624bbe0) 
thrown [s\src\hotspot\share\interpreter\linkResolver.cpp, line 759]
Event: 9.890 Thread 0x000001716fcdbcb0 Implicit null exception at 0x000001710f61e3f2 to 0x000001710f61eb60
Event: 9.890 Thread 0x000001716fcdbcb0 Exception <a 'java/io/FileNotFoundException'{0x0000000705d7f290}> (0x0000000705d7f290) 
thrown [s\src\hotspot\share\prims\jni.cpp, line 516]
Event: 9.892 Thread 0x000001716fcdbcb0 Exception <a 'java/io/FileNotFoundException'{0x0000000705d940a8}> (0x0000000705d940a8) 
thrown [s\src\hotspot\share\prims\jni.cpp, line 516]

VM Operations (20 events):
Event: 3.159 Executing VM operation: ICBufferFull
Event: 3.159 Executing VM operation: ICBufferFull done
Event: 3.184 Executing VM operation: ICBufferFull
Event: 3.184 Executing VM operation: ICBufferFull done
Event: 3.206 Executing VM operation: G1CollectForAllocation
Event: 3.207 Executing VM operation: G1CollectForAllocation done
Event: 3.217 Executing VM operation: G1PauseRemark
Event: 3.219 Executing VM operation: G1PauseRemark done
Event: 3.223 Executing VM operation: G1PauseCleanup
Event: 3.223 Executing VM operation: G1PauseCleanup done
Event: 3.297 Executing VM operation: HandshakeAllThreads
Event: 3.297 Executing VM operation: HandshakeAllThreads done
Event: 4.306 Executing VM operation: Cleanup
Event: 4.306 Executing VM operation: Cleanup done
Event: 5.310 Executing VM operation: Cleanup
Event: 5.310 Executing VM operation: Cleanup done
Event: 6.317 Executing VM operation: Cleanup
Event: 6.317 Executing VM operation: Cleanup done
Event: 9.326 Executing VM operation: Cleanup
Event: 9.326 Executing VM operation: Cleanup done

Events (20 events):
Event: 4.675 loading class java/util/stream/ReduceOps$CountingSink$OfRef done
Event: 7.837 Thread 0x00000171222e4230 Thread exited: 0x00000171222e4230
Event: 8.791 Thread 0x00000171223c1dc0 Thread exited: 0x00000171223c1dc0
Event: 9.865 loading class javax/naming/Reference
Event: 9.865 loading class javax/naming/Reference done
Event: 9.867 loading class jdk/internal/reflect/UnsafeObjectFieldAccessorImpl
Event: 9.867 loading class jdk/internal/reflect/UnsafeObjectFieldAccessorImpl done
Event: 9.873 Thread 0x00000171223c1320 Thread added: 0x00000171223c1320
Event: 9.884 Thread 0x00000171223c2860 Thread added: 0x00000171223c2860
Event: 9.884 loading class sun/reflect/generics/tree/LongSignature
Event: 9.884 loading class sun/reflect/generics/tree/LongSignature done
Event: 9.886 Thread 0x000001716fcdbcb0 Thread added: 0x000001716fcdbcb0
Event: 9.892 loading class java/util/TooManyListenersException
Event: 9.892 loading class java/util/TooManyListenersException done
Event: 9.896 loading class java/lang/SafeVarargs
Event: 9.897 loading class java/lang/SafeVarargs done
Event: 9.897 loading class sun/reflect/generics/reflectiveObjects/GenericArrayTypeImpl
Event: 9.897 loading class sun/reflect/generics/reflectiveObjects/GenericArrayTypeImpl done
Event: 9.898 Thread 0x000001716fcdc1c0 Thread added: 0x000001716fcdc1c0
Event: 9.900 Thread 0x00000171223c0dd0 Thread added: 0x00000171223c0dd0


Dynamic libraries:
0x00007ff6ec970000 - 0x00007ff6ec97e000 	C:\Users\tlawo\.jdks\corretto-17.0.9\bin\java.exe
0x00007ff81da50000 - 0x00007ff81dc48000 	C:\Windows\SYSTEM32\ntdll.dll
0x00007ff81d440000 - 0x00007ff81d4fd000 	C:\Windows\System32\KERNEL32.DLL
0x00007ff81b2f0000 - 0x00007ff81b5e6000 	C:\Windows\System32\KERNELBASE.dll
0x00007ff81b6b0000 - 0x00007ff81b7b0000 	C:\Windows\System32\ucrtbase.dll
0x00007fffd1c30000 - 0x00007fffd1c47000 	C:\Users\tlawo\.jdks\corretto-17.0.9\bin\jli.dll
0x00007fffd1c50000 - 0x00007fffd1c6b000 	C:\Users\tlawo\.jdks\corretto-17.0.9\bin\VCRUNTIME140.dll
0x00007ff81d100000 - 0x00007ff81d29f000 	C:\Windows\System32\USER32.dll
0x00007ff81b680000 - 0x00007ff81b6a2000 	C:\Windows\System32\win32u.dll
0x00007ff80b920000 - 0x00007ff80bbba000 	C:\Windows\WinSxS\amd64_microsoft.windows.common-controls_6595b64144ccf1df_6.0.19041.3636_none_60b6a03d71f818d5\COMCTL32.dll
0x00007ff81d570000 - 0x00007ff81d59b000 	C:\Windows\System32\GDI32.dll
0x00007ff81c5a0000 - 0x00007ff81c63e000 	C:\Windows\System32\msvcrt.dll
0x00007ff81b130000 - 0x00007ff81b247000 	C:\Windows\System32\gdi32full.dll
0x00007ff81b250000 - 0x00007ff81b2ed000 	C:\Windows\System32\msvcp_win.dll
0x00007ff81c640000 - 0x00007ff81c672000 	C:\Windows\System32\IMM32.DLL
0x00007fffd1c20000 - 0x00007fffd1c2c000 	C:\Users\tlawo\.jdks\corretto-17.0.9\bin\vcruntime140_1.dll
0x00007fffd1b90000 - 0x00007fffd1c1d000 	C:\Users\tlawo\.jdks\corretto-17.0.9\bin\msvcp140.dll
0x00007fffd0c90000 - 0x00007fffd18f1000 	C:\Users\tlawo\.jdks\corretto-17.0.9\bin\server\jvm.dll
0x00007ff81d050000 - 0x00007ff81d100000 	C:\Windows\System32\ADVAPI32.dll
0x00007ff81ba80000 - 0x00007ff81bb20000 	C:\Windows\System32\sechost.dll
0x00007ff81bb80000 - 0x00007ff81bca3000 	C:\Windows\System32\RPCRT4.dll
0x00007ff81b100000 - 0x00007ff81b127000 	C:\Windows\System32\bcrypt.dll
0x00007fffda760000 - 0x00007fffda769000 	C:\Windows\SYSTEM32\WSOCK32.dll
0x00007ff80beb0000 - 0x00007ff80bed7000 	C:\Windows\SYSTEM32\WINMM.dll
0x00007ff81c7c0000 - 0x00007ff81c82b000 	C:\Windows\System32\WS2_32.dll
0x00007ff81a690000 - 0x00007ff81a6db000 	C:\Windows\SYSTEM32\POWRPROF.dll
0x00007ff8169c0000 - 0x00007ff8169ca000 	C:\Windows\SYSTEM32\VERSION.dll
0x00007ff81a500000 - 0x00007ff81a512000 	C:\Windows\SYSTEM32\UMPDC.dll
0x00007ff818fa0000 - 0x00007ff818fb2000 	C:\Windows\SYSTEM32\kernel.appcore.dll
0x00007fffd1b80000 - 0x00007fffd1b8a000 	C:\Users\tlawo\.jdks\corretto-17.0.9\bin\jimage.dll
0x00007ff814920000 - 0x00007ff814b04000 	C:\Windows\SYSTEM32\DBGHELP.DLL
0x00007ff814c30000 - 0x00007ff814c64000 	C:\Windows\SYSTEM32\dbgcore.DLL
0x00007ff81b5f0000 - 0x00007ff81b672000 	C:\Windows\System32\bcryptPrimitives.dll
0x00007fffd0c60000 - 0x00007fffd0c85000 	C:\Users\tlawo\.jdks\corretto-17.0.9\bin\java.dll
0x00007fffd0b80000 - 0x00007fffd0c57000 	C:\Users\tlawo\.jdks\corretto-17.0.9\bin\jsvml.dll
0x00007ff81c8e0000 - 0x00007ff81d04b000 	C:\Windows\System32\SHELL32.dll
0x00007ff8191a0000 - 0x00007ff81993e000 	C:\Windows\SYSTEM32\windows.storage.dll
0x00007ff81c090000 - 0x00007ff81c3e3000 	C:\Windows\System32\combase.dll
0x00007ff81ab30000 - 0x00007ff81ab5e000 	C:\Windows\SYSTEM32\Wldp.dll
0x00007ff81c680000 - 0x00007ff81c74d000 	C:\Windows\System32\OLEAUT32.dll
0x00007ff81c830000 - 0x00007ff81c8dd000 	C:\Windows\System32\SHCORE.dll
0x00007ff81c030000 - 0x00007ff81c085000 	C:\Windows\System32\shlwapi.dll
0x00007ff81b030000 - 0x00007ff81b053000 	C:\Windows\SYSTEM32\profapi.dll
0x00007fffd02a0000 - 0x00007fffd02b9000 	C:\Users\tlawo\.jdks\corretto-17.0.9\bin\net.dll
0x00007ff8161b0000 - 0x00007ff8162ba000 	C:\Windows\SYSTEM32\WINHTTP.dll
0x00007ff81a890000 - 0x00007ff81a8fa000 	C:\Windows\system32\mswsock.dll
0x00007fffd0280000 - 0x00007fffd0296000 	C:\Users\tlawo\.jdks\corretto-17.0.9\bin\nio.dll
0x00007fffcfe10000 - 0x00007fffcfe28000 	C:\Users\tlawo\.jdks\corretto-17.0.9\bin\zip.dll
0x00007fffedb00000 - 0x00007fffedb0e000 	C:\Users\tlawo\.jdks\corretto-17.0.9\bin\sunmscapi.dll
0x00007ff81b920000 - 0x00007ff81ba7e000 	C:\Windows\System32\CRYPT32.dll
0x00007ff81aba0000 - 0x00007ff81abc8000 	C:\Windows\SYSTEM32\ncrypt.dll
0x00007ff81ab60000 - 0x00007ff81ab9b000 	C:\Windows\SYSTEM32\NTASN1.dll
0x00007ff81aa90000 - 0x00007ff81aaa8000 	C:\Windows\SYSTEM32\CRYPTSP.dll
0x00007ff81a140000 - 0x00007ff81a174000 	C:\Windows\system32\rsaenh.dll
0x00007ff81afb0000 - 0x00007ff81afde000 	C:\Windows\SYSTEM32\USERENV.dll
0x00007ff81aa80000 - 0x00007ff81aa8c000 	C:\Windows\SYSTEM32\CRYPTBASE.dll
0x00007ff81a520000 - 0x00007ff81a55b000 	C:\Windows\SYSTEM32\IPHLPAPI.DLL
0x00007ff81d500000 - 0x00007ff81d508000 	C:\Windows\System32\NSI.dll
0x00007ff816360000 - 0x00007ff816377000 	C:\Windows\SYSTEM32\dhcpcsvc6.DLL
0x00007ff816340000 - 0x00007ff81635d000 	C:\Windows\SYSTEM32\dhcpcsvc.DLL
0x00007ff81a560000 - 0x00007ff81a62b000 	C:\Windows\SYSTEM32\DNSAPI.dll
0x00007ffff12d0000 - 0x00007ffff12d9000 	C:\Users\tlawo\.jdks\corretto-17.0.9\bin\management.dll
0x00007ffff12c0000 - 0x00007ffff12cb000 	C:\Users\tlawo\.jdks\corretto-17.0.9\bin\management_ext.dll
0x00007ff81c750000 - 0x00007ff81c758000 	C:\Windows\System32\PSAPI.DLL
0x00007fffdb2e0000 - 0x00007fffdb2f0000 	C:\Users\tlawo\.jdks\corretto-17.0.9\bin\verify.dll
0x00007ff813f20000 - 0x00007ff813f2a000 	C:\Windows\System32\rasadhlp.dll
0x00007ff813d80000 - 0x00007ff813e00000 	C:\Windows\System32\fwpuclnt.dll
0x0000000180000000 - 0x000000018002a000 	C:\Users\tlawo\.jdks\corretto-17.0.9\bin\rxtxSerial.dll

dbghelp: loaded successfully - version: 4.0.5 - missing functions: none
symbol engine: initialized successfully - sym options: 0x614 - pdb path: .;C:\Users\tlawo\.jdks\corretto-17.0.9\bin;C:\Windows\SYSTEM32;C:\Windows\WinSxS\amd64_microsoft.windows.common-controls_6595b64144ccf1df_6.0.19041.3636_none_60b6a03d71f818d5;C:\Users\tlawo\.jdks\corretto-17.0.9\bin\server

VM Arguments:
jvm_args: -Dfile.encoding=UTF-8 -Duser.country=KR -Duser.language=ko -Duser.variant 
java_command: com.team1.Team1StartApp
java_class_path (initial): C:\Users\tlawo\IdeaProjects\bmin\build\classes\java\main;C:\Users\tlawo\IdeaProjects\bmin\build\resources\main;C:\Users\tlawo\.gradle\caches\modules-2\files-2.1\org.springframework.boot\spring-boot-starter-data-jpa\3.2.4\d8c5f393d9b18d96021b3e02d80e4356c5cbe0f7\spring-boot-starter-data-jpa-3.2.4.jar;C:\Users\tlawo\.gradle\caches\modules-2\files-2.1\org.springframework.boot\spring-boot-starter-websocket\3.2.4\fd02f6a9ccbc66cf84c498d0eb4e8367a400769c\spring-boot-starter-websocket-3.2.4.jar;C:\Users\tlawo\.gradle\caches\modules-2\files-2.1\org.springframework.boot\spring-boot-starter-web\3.2.4\a74df12b71060da7c8e87f9a8c2ef4ea43fc8017\spring-boot-starter-web-3.2.4.jar;C:\Users\tlawo\.gradle\caches\modules-2\files-2.1\org.rxtx\rxtx\2.1.7\e96c946be1e6537378fd532d2742b523df2725a4\rxtx-2.1.7.jar;C:\Users\tlawo\.gradle\caches\modules-2\files-2.1\com.mysql\mysql-connector-j\8.3.0\1cc7fa5d61f4bbc113531a4ba6d85d41cf3d57e1\mysql-connector-j-8.3.0.jar;C:\Users\tlawo\.gradle\caches\modules-2\files-2.1\org.springframework.boot\spring-boot-starter-aop\3.2.4\11aedc0a23c43947608f2122eed08eabe5e2994c\spring-boot-starter-aop-3.2.4.jar;C:\Users\tlawo\.gradle\caches\modules-2\files-2.1\org.springframework.boot\spring-boot-starter-jdbc\3.2.4\7dd399e7ba19d62cae32be6e20edac37ff8fcbc0\spring-boot-starter-jdbc-3.2.4.jar;C:\Users\tlawo\.gradle\caches\modules-2\files-2.1\org.hibernate.orm\hibernate-core\6.4.4.Final\5c9decb3c5a70bf7801d41fc32633416c26be069\hibernate-core-6.4.4.Final.jar;C:\Users\tlawo\.gradle\caches\modules-2\files-2.1\org.springframework.data\spring-data-jpa\3.2.4\1932f90c487999575b57ad41986de96c8ebf5843\spring-data-jpa-3.2.4.jar;C:\Users\tlawo\.gradle\caches\modules-2\files-2.1\org.springframework\spring-aspects\6.1.5\202d9da55e24fec2eda80bbc3cd87fbefc0e1256\spring-aspects-6.1.5.jar;C:\Users\tlawo\.gradle\caches\modules-2\files-2.1\org.springframework.boot\spring-boot-starter-json\3.2.4\ef3f72369ce7f6f7a7b02c0b23e60ef5bdf581b1\spring-boot-starter-js
Launcher Type: SUN_STANDARD

[Global flags]
     intx CICompilerCount                          = 12                                        {product} {ergonomic}
     uint ConcGCThreads                            = 3                                         {product} {ergonomic}
     uint G1ConcRefinementThreads                  = 13                                        {product} {ergonomic}
   size_t G1HeapRegionSize                         = 2097152                                   {product} {ergonomic}
    uintx GCDrainStackTargetSize                   = 64                                        {product} {ergonomic}
   size_t InitialHeapSize                          = 268435456                                 {product} {ergonomic}
   size_t MarkStackSize                            = 4194304                                   {product} {ergonomic}
   size_t MaxHeapSize                              = 4265607168                                {product} {ergonomic}
   size_t MaxNewSize                               = 2558525440                                {product} {ergonomic}
   size_t MinHeapDeltaBytes                        = 2097152                                   {product} {ergonomic}
   size_t MinHeapSize                              = 8388608                                   {product} {ergonomic}
    uintx NonNMethodCodeHeapSize                   = 7602480                                {pd product} {ergonomic}
    uintx NonProfiledCodeHeapSize                  = 122027880                              {pd product} {ergonomic}
    uintx ProfiledCodeHeapSize                     = 122027880                              {pd product} {ergonomic}
    uintx ReservedCodeCacheSize                    = 251658240                              {pd product} {ergonomic}
     bool SegmentedCodeCache                       = true                                      {product} {ergonomic}
   size_t SoftMaxHeapSize                          = 4265607168                             {manageable} {ergonomic}
     bool UseCompressedClassPointers               = true                           {product lp64_product} {ergonomic}
     bool UseCompressedOops                        = true                           {product lp64_product} {ergonomic}
     bool UseG1GC                                  = true                                      {product} {ergonomic}
     bool UseLargePagesIndividualAllocation        = false                                  {pd product} {ergonomic}

Logging:
Log output configuration:
 #0: stdout all=warning uptime,level,tags
 #1: stderr all=off uptime,level,tags

Environment Variables:
JAVA_HOME=C:\Program Files\Android\Jdk\microsoft_dist_openjdk_1.8.0.25
PATH=C:\Program Files\Microsoft\jdk-11.0.16.101-hotspot\bin;C:\Program Files (x86)\VMware\VMware Player\bin\;C:\Program Files (x86)\Common Files\Oracle\Java\javapath;C:\Windows\system32;C:\Windows;C:\Windows\System32\Wbem;C:\Windows\System32\WindowsPowerShell\v1.0\;C:\Windows\System32\OpenSSH\;C:\Program Files (x86)\NVIDIA Corporation\PhysX\Common;C:\Program Files\Microsoft SQL Server\130\Tools\Binn\;C:\Program Files\dotnet\;C:\Program Files\Git\cmd;C:\Program Files\Microsoft SQL Server\150\Tools\Binn\;C:\Program Files\Microsoft SQL Server\Client SDK\ODBC\170\Tools\Binn\;C:\Program Files\nodejs\;C:\Users\tlawo\AppData\Local\Programs\Python\Python310\Scripts\;C:\Users\tlawo\AppData\Local\Programs\Python\Python310\;C:\Users\tlawo\AppData\Local\Microsoft\WindowsApps;C:\Program Files\Bandizip\;C:\Users\tlawo\.dotnet\tools;D:\Microsoft VS Code\bin;C:\Users\tlawo\AppData\Local\GitHubDesktop\bin;C:\Program Files\JetBrains\IntelliJ IDEA Community Edition 2023.3.2\bin;;C:\Users\tlawo\AppData\Roaming\npm
USERNAME=tlawo
OS=Windows_NT
PROCESSOR_IDENTIFIER=Intel64 Family 6 Model 165 Stepping 5, GenuineIntel
TMP=C:\Users\tlawo\AppData\Local\Temp
TEMP=C:\Users\tlawo\AppData\Local\Temp



Periodic native trim disabled


---------------  S Y S T E M  ---------------

OS:
 Windows 10 , 64 bit Build 19041 (10.0.19041.3636)
OS uptime: 0 days 0:07 hours

CPU: total 16 (initial active 16) (8 cores per cpu, 2 threads per core) family 6 model 165 stepping 5 microcode 0xe2, cx8, cmov, fxsr, ht, mmx, 3dnowpref, sse, sse2, sse3, ssse3, sse4.1, sse4.2, popcnt, lzcnt, tsc, tscinvbit, avx, avx2, aes, erms, clmul, bmi1, bmi2, adx, fma, vzeroupper, clflush, clflushopt
Processor Information for all 16 processors :
  Max Mhz: 2904, Current Mhz: 2904, Mhz Limit: 2904

Memory: 4k page, system-wide physical 16264M (8250M free)
TotalPageFile size 24968M (AvailPageFile size 14305M)
current process WorkingSet (physical memory assigned to process): 273M, peak: 304M
current process commit charge ("private bytes"): 330M, peak: 442M

vm_info: OpenJDK 64-Bit Server VM (17.0.9+8-LTS) for windows-amd64 JRE (17.0.9+8-LTS), built on Oct 12 2023 16:15:33 by "Administrator" with MS VC++ 16.10 / 16.11 (VS2019)

END.
